make.exe all --print-data-base --no-builtin-variables --no-builtin-rules --question
# GNU Make 3.81
# Copyright (C) 2006  Free Software Foundation, Inc.
# This is free software; see the source for copying conditions.
# There is NO warranty; not even for MERCHANTABILITY or FITNESS FOR A
# PARTICULAR PURPOSE.

# This program built for i386-pc-mingw32
 

# Make data base, printed on Thu Jun 02 17:58:20 2022

# Variables

# automatic
<D = $(patsubst %/,%,$(dir $<))
# automatic
?F = $(notdir $?)
# environment
ELECTRON_NO_ATTACH_CONSOLE = 1
# makefile
MAKEFLAGS = Rrqp
# environment
VSCODE_LOG_NATIVE = false
# environment
DRIVERDATA = C:\Windows\System32\Drivers\DriverData
# automatic
?D = $(patsubst %/,%,$(dir $?))
# automatic
@D = $(patsubst %/,%,$(dir $@))
# environment
HOMEDRIVE = C:
# automatic
@F = $(notdir $@)
# automatic
^D = $(patsubst %/,%,$(dir $^)) 

# makefile
CURDIR := c:/Users/Stivi/Desktop/Workspaces/C++/Tesis
# default
SHELL := sh.exe
# environment
WINDIR = C:\WINDOWS
# environment
VSCODE_NLS_CONFIG = {"locale":"es-419","availableLanguages":{},"_languagePackSupport":true}
# environment
VBOX_MSI_INSTALL_PATH = C:\Program Files\Oracle\VirtualBox\
# environment
ONEDRIVE = C:\Users\Stivi\OneDrive
# environment
PATHEXT = .COM;.EXE;.BAT;.CMD;.VBS;.VBE;.JS;.JSE;.WSF;.WSH;.MSC;.PY;.PYW
# makefile
MAKEFILE_LIST := 
# environment
FPS_BROWSER_USER_PROFILE_STRING = Default
# environment
TMP = C:\Users\Stivi\AppData\Local\Temp
# environment
VSCODE_VERBOSE_LOGGING = true
# environment
PROGRAMW6432 = C:\Program Files
# environment
PROGRAMDATA = C:\ProgramData
# environment
VSCODE_IPC_HOOK_EXTHOST = \\.\pipe\vscode-ipc-0d242aab-dd42-4636-88ac-f4cbafb92389-sock
# environment
VSCODE_CWD = C:\Users\Stivi\Desktop\Workspaces\C++\Tesis
# environment
PATH = C:\Program Files (x86)\Common Files\Oracle\Java\javapath;C:\Users\Stivi\AppData\Roaming\Microsoft\Windows\Start Menu\Programs\Python 3.8;C:\Users\Stivi\AppData\Local\Programs\Python\Python38;C:\Program Files\PuTTY\;C:\Windows\System32;C:\ProgramData\chocolatey\bin;C:\Users\Stivi\AppData\Local\Programs\Python\Python38\Scripts;C:\Program Files\dotnet\;C:\Program Files\Git\cmd;C:\Program Files\Microsoft SQL Server\150\Tools\Binn\;C:\Program Files\Microsoft SQL Server\Client SDK\ODBC\170\Tools\Binn\;C:\Program Files (x86)\Microsoft SQL Server\150\DTS\Binn\;C:\Program Files (x86)\dotnet\;C:\Program Files\nodejs\;C:\Php;C:\ProgramData\ComposerSetup\bin;C:\Program Files\Java\jdk-18.0.1.1\bin;C:\Users\Stivi\Desktop\Workspaces\WASM\emsdk;C:\Users\Stivi\Desktop\Workspaces\WASM\emsdk\node\14.18.2_64bit\bin;C:\Users\Stivi\Desktop\Workspaces\WASM\emsdk\upstream\emscripten;C:\Users\Stivi\AppData\Local\Programs\Python\Python38\Scripts\;C:\Users\Stivi\AppData\Local\Programs\Python\Python38\;C:\Users\Stivi\AppData\Local\Microsoft\WindowsApps;C:\raylib\mingw\bin;"C:\Users\Stivi\AppData\Roaming\npm; C:\Program Files\nodejs";C:\Program Files\heroku\bin;C:\Users\Stivi\AppData\Local\Yarn\bin;C:\Users\Stivi\AppData\Local\Programs\Microsoft VS Code\bin;"C:\Program Files\nodejs\node.exe;";C:\Users\Stivi\.dotnet\tools;C:\Users\Stivi\AppData\Roaming\npm;C:\Users\Stivi\AppData\Roaming\Composer\vendor\bin;C:\Users\Stivi\apache-ant-1.10.12\bin;C:\Program Files (x86)\GnuWin32\bin;C:\Program Files\Java\jdk-18.0.1.1;
# environment
ONLINESERVICES = Online Services
# environment
COMMONPROGRAMW6432 = C:\Program Files\Common Files
# environment
CHOCOLATEYLASTPATHUPDATE = 132711304581653348
# environment
PROCESSOR_ARCHITECTURE = x86
# environment
USERPROFILE = C:\Users\Stivi
# environment
CHOCOLATEYINSTALL = C:\ProgramData\chocolatey
# environment
ALLUSERSPROFILE = C:\ProgramData
# environment
VSCODE_LOG_STACK = false
# environment
NUMBER_OF_PROCESSORS = 4
# environment
ELECTRON_RUN_AS_NODE = 1
# default
.FEATURES := target-specific order-only second-expansion else-if archives
# automatic
%F = $(notdir $%)
# environment
CHROME_CRASHPAD_PIPE_NAME = \\.\pipe\crashpad_23384_XCSOUSIHKKQZJWCR
# environment
VSCODE_PIPE_LOGGING = true
# environment
COMPUTERNAME = LAPTOP-1POV1JVC
# environment
PROGRAMFILES = C:\Program Files (x86)
# environment
ANT_HOME = C:\Users\Stivi\apache-ant-1.10.12
# environment
ASL.LOG = Destination=file
# environment
ORIGINAL_XDG_CURRENT_DESKTOP = undefined
# environment
USERNAME = Stivi
# environment
PUBLIC = C:\Users\Public
# environment
VSCODE_AMD_ENTRYPOINT = vs/workbench/api/node/extensionHostProcess
# environment
VSCODE_CLI = 1
# environment
VSCODE_CODE_CACHE_PATH = C:\Users\Stivi\AppData\Roaming\Code\CachedData\c3511e6c69bb39013c4a4b7b9566ec1ca73fc4d5
# environment
APPLICATION_INSIGHTS_NO_DIAGNOSTIC_CHANNEL = 1
# environment
COMMONPROGRAMFILES = C:\Program Files (x86)\Common Files
# environment
LOGONSERVER = \\LAPTOP-1POV1JVC
# environment
REGIONCODE = LA
# environment
ONEDRIVECONSUMER = C:\Users\Stivi\OneDrive
# environment
VSCODE_HANDLES_UNCAUGHT_ERRORS = true
# environment
USERDOMAIN = LAPTOP-1POV1JVC
# environment
MIC_LD_LIBRARY_PATH = C:\Program Files (x86)\Common Files\Intel\Shared Libraries\compiler\lib\mic
# default
MAKE = $(MAKE_COMMAND)
# default
MAKECMDGOALS := all
# environment
QT_DEVICE_PIXEL_RATIO = auto
# default
MAKE_VERSION := 3.81
# makefile
.DEFAULT_GOAL := 
# environment
PROGRAMFILES(X86) = C:\Program Files (x86)
# automatic
%D = $(patsubst %/,%,$(dir $%))
# environment
LOCALAPPDATA = C:\Users\Stivi\AppData\Local
# environment
PSMODULEPATH = C:\Program Files\WindowsPowerShell\Modules;C:\WINDOWS\system32\WindowsPowerShell\v1.0 
\Modules
# default
MAKE_COMMAND := make.exe
# environment
PROCESSOR_ARCHITEW6432 = AMD64
# default
.VARIABLES := 
# automatic
*F = $(notdir $*)
# environment
PROCESSOR_IDENTIFIER = Intel64 Family 6 Model 158 Stepping 9, GenuineIntel
# environment
OS = Windows_NT
# environment
VSCODE_IPC_HOOK = \\.\pipe\eec9e5c20564b648130c868baace8108-1.67.2-main-sock
# environment
HOMEPATH = \Users\Stivi
# environment
COMMONPROGRAMFILES(X86) = C:\Program Files (x86)\Common Files
# environment
PROMPT = $P$G
# environment
MFLAGS = -Rrqp
# automatic
*D = $(patsubst %/,%,$(dir $*))
# environment
PT8HOME = C:\Program Files\Cisco Packet Tracer 8.0.1
# environment
INTEL_DEV_REDIST = C:\Program Files (x86)\Common Files\Intel\Shared Libraries\
# environment
SYSTEMROOT = C:\WINDOWS
# automatic
+D = $(patsubst %/,%,$(dir $+))
# environment
PLATFORMCODE = KV
# automatic
+F = $(notdir $+)
# environment
APPDATA = C:\Users\Stivi\AppData\Roaming
# environment
TEMP = C:\Users\Stivi\AppData\Local\Temp
# environment
COMSPEC = C:\WINDOWS\system 
32\cmd.exe
# default
MAKEFILES := 
# automatic
<F = $(notdir $<)
# environment
LC_ALL = C
# automatic
^F = $(notdir $^)
# default
SUFFIXES := 
# environment
SYSTEMDRIVE = C:
# environment
SESSIONNAME = Console
# environment
PROCESSOR_REVISION = 9e09
# environment
MAKELEVEL := 0
# environment
LANG = C
# environment
PROCESSOR_LEVEL = 6
# environment
FPS_BROWSER_APP_PROFILE_STRING = Internet Explorer
# environment
VSCODE_PID = 23384
# environment
USERDOMAIN_ROAMINGPROFILE = LAPTOP-1POV1JVC
# variable set hash- 
table stats:
# Load=103/1024=10%, Rehash=0, Collisions=11/120=9%

# Pattern-specific Variable Values

# No pattern-specific variable values.

# Directories

# C:\Program Files\heroku\bin (key C:/Program Files/heroku/bin, mtime 1607632564): 4 files, no impossibilities.
# C:\Program Files (x86)\Microsoft SQL Server\150\DTS\Binn\: could not be stat'd.
# C:\Users\Stivi\apache-ant-1.10.12\bin (key C:/Users/Stivi/apache-ant-1.10.12/bin, mtime 1634127086): 15 files, no impossibilities.
# " (key c:/Users/Stivi/Desk 
top/Workspaces/C++/Tesis/", mtime 1654201604): could not be opened.
# C:\Program Files\Microsoft SQL Server\150\Tools\Binn\ (key C:/Program Files/Microsoft SQL Server/150/Tools/Binn/, mtime 1637654137): 4 files, no impossibilities.
# . (key c:/Users/Stivi/Desktop/Workspaces/C++/Tesis, mtime 1654201604): 8 files, no impossibilities.
# C:\Users\Stivi\Desktop\Workspaces\WASM\emsdk\node\14.18.2_64bit\bin (key C:/Users/Stivi/Desktop/Workspaces/WASM/emsdk/node/14.18.2_64bit/bin, mtime 1650772795): 5 files, no impossibilities.
# C:\Php (key C:/Php, mtime 1646625831): 40 files, no impossibilities.
# C:\Program Files\nodejs\ (key C:/Program Files/nodejs/, mtime 1645838597): 13 files, no impossibilities.
# C:\Program Files\Java\jdk-18.0.1.1 (key C:/Program Files/Java/jdk-18.0.1.1, mtime 1653380719): 12 files, no impossibilities.
# C:\ProgramData\chocolatey\bin (key C:/ProgramData/chocolatey/bin, mtime 1626656858): 13 files, no impossibilities.
# C:\Program Files\dotnet\ (key C:/Program Files/dotnet/, mtime 1653314477): 
 13 files, no impossibilities.
# C:\raylib\mingw\bin (key C:/raylib/mingw/bin, mtime 1586039213): 58 files, no impossibilities.
# C:\Users\Stivi\AppData\Local\Programs\Microsoft VS Code\bin (key C:/Users/Stivi/AppData/Local/Programs/Microsoft VS Code/bin, mtime 1652899779): 4 files, no impossibilities.
# C:\Users\Stivi\Desktop\Workspaces\WASM\emsdk\upstream\emscripten (key C:/Users/Stivi/Desktop/Workspaces/WASM/emsdk/upstream/emscripten, mtime 1650771769): 76 files, no impossibilities.
# C:\Users\Stivi\AppD 
ata\Roaming\npm (key C:/Users/Stivi/AppData/Roaming/npm, mtime 1645836368): 9 files, no impossibilities.
# C:\Users\Stivi\.dotnet\tools: could not be stat'd.
# C:\ProgramData\ComposerSetup\bin (key C:/ProgramData/ComposerSetup/bin, mtime 1646625844): 5 files, no impossibilities.
# C:\Program Files\PuTTY\ (key C:/Program Files/PuTTY/, mtime 1621028388): 12 files, no impossibilities.
# C:\Program Files (x86)\Common Files\Oracle\Java\javapath (key C:/Program Files (x86)/Common Files/Oracle/Java/javapath, mtime 1636224663): 5 files, no impossibilities.
# "C:\Users\Stivi\AppData\Roaming\npm: could not be stat'd.
# C:\Users\Stivi\AppData\Roaming\Composer\vendor\bin: could not be stat'd.
# C:\Users\Stivi\AppData\Local\Programs\Python\Python38 (key C:/Users/Stivi/AppData/Local/Programs/Python/Python38, mtime 1616813819): 19 files, no impossibilities.
# "C:\Program Files\nodejs\node.exe: could not be stat'd.
# C:\Program Files\Microsoft SQL Server\Client SDK\ODBC\170\Tools\Binn\ (key C:/Program Files/Microsoft SQL Ser 
ver/Client SDK/ODBC/170/Tools/Binn/, mtime 1637654178): 7 files, no impossibilities.
# C:\Users\Stivi\AppData\Roaming\Microsoft\Windows\Start Menu\Programs\Python 3.8 (key C:/Users/Stivi/AppData/Roaming/Microsoft/Windows/Start Menu/Programs/Python 3.8, mtime 1616606988): 5 files, no impossibilities.
# C:\Users\Stivi\AppData\Local\Programs\Python\Python38\ (key C:/Users/Stivi/AppData/Local/Programs/Python/Python38/, mtime 1616813819): 19 files, no impossibilities.
# C:\Users\Stivi\AppData\Local\Microsoft\Win 
dowsApps (key C:/Users/Stivi/AppData/Local/Microsoft/WindowsApps, mtime 1653539300): 21 files, no impossibilities.
# C:\Users\Stivi\AppData\Local\Programs\Python\Python38\Scripts\ (key C:/Users/Stivi/AppData/Local/Programs/Python/Python38/Scripts/, mtime 1643762919): 81 files, no impossibilities.
# C:\Program Files (x86)\dotnet\ (key C:/Program Files (x86)/dotnet/, mtime 1653314433): 8 files, no impossibilities.
# C:\Users\Stivi\AppData\Local\Programs\Python\Python38\Scripts (key C:/Users/Stivi/AppData/Local/Programs/Python/Python38/Scripts, mtime 1643762919): 81 files, no impossibilities.
# C:\Program Files\Git\cmd (key C:/Program Files/Git/cmd, mtime 1636226021): 8 files, no impossibilities.
# C:\Windows\System32 (key C:/Windows/System32, mtime 1653822811): 3032 files, no impossibilities.
# C:\Users\Stivi\AppData\Local\Yarn\bin: could not be stat'd.
#  C:\Program Files\nodejs": could not be stat'd.
# C:\Program Files\Java\jdk-18.0.1.1\bin (key C:/Program Files/Java/jdk-18.0.1.1/bin, mtime 1653380691): 124 f 
iles, no impossibilities.
# C:\Users\Stivi\Desktop\Workspaces\WASM\emsdk (key C:/Users/Stivi/Desktop/Workspaces/WASM/emsdk, mtime 1650775412): 40 files, no impossibilities.
# C:\Program Files (x86)\GnuWin32\bin (key C:/Program Files (x86)/GnuWin32/bin, mtime 1650349062): 5 files, no impossibilities.

# 3746 files, no impossibilities in 38 directories.

# Implicit Rules

# No implicit rules.

# Files

# Not a target:
all:
#  Command-line target.
#  Implicit rule search has been done.
#  File does not exist.
 
#  File has not been updated.
# variable set hash-table stats:
# Load=0/32=0%, Rehash=0, Collisions=0/0=0%

# Not a target:
.DEFAULT:
#  Implicit rule search has not been done.
#  Modification time never checked.
#  File has not been updated.

# Not a target:
makefile:
#  A default, MAKEFILES, or -include/sinclude makefile.
#  Implicit rule search has been done.
#  File does not exist.
#  File has been updated.
#  Failed to be updated.
# variable set hash-table stats:
# Load=0/32=0%, Rehash=0, Collisions=0/ 
0=0%

# Not a target:
.SUFFIXES:
#  Implicit rule search has not been done.
#  Modification time never checked.
#  File has not been updated.

# Not a target:
GNUmakefile:
#  A default, MAKEFILES, or -include/sinclude makefile.
#  Implicit rule search has been done.
#  File does not exist.
#  File has been updated.
#  Failed to be updated.
# variable set hash-table stats:
# Load=0/32=0%, Rehash=0, Collisions=0/0=0%

# files hash-table stats:
# Load=5/1024=0%, Rehash=0, Collisions=0/16=0%
# VPATH Search Path 
make.exe: *** No rule to make target `all'.  Stop.

s

# No `vpath' search paths.

# No general (`VPATH' variable) search path.

# # of strings in strcache: 0
# # of strcache buffers: 0
# strcache size: total = 0 / max = 0 / min = 4096 / avg = 0
# strcache free: total = 0 / max = 0 / min = 4096 / avg = 0

# Finished Make data base on Thu Jun 02 17:58:20 2022

 
